Using pre-set license
Built from '2020.3/staging' branch; Version is '2020.3.19f1 (68f137dc9bbe) revision 6877495'; Using compiler version '192528614'; Build Type 'Release'
OS: 'Windows 10 Home; OS build 19043.1466; Version 2009; 64bit' Language: 'en' Physical Memory: 16316 MB
BatchMode: 1, IsHumanControllingUs: 0, StartBugReporterOnCrash: 0, Is64bit: 1, IsPro: 0

COMMAND LINE ARGUMENTS:
C:\Program Files\Unity\Hub\Editor\2020.3.19f1\Editor\Unity.exe
-adb2
-batchMode
-noUpm
-name
AssetImportWorker0
-projectPath
D:/Unity-Related/Projects/New Unity Project
-logFile
Logs/AssetImportWorker0.log
-srvPort
53108
Successfully changed project path to: D:/Unity-Related/Projects/New Unity Project
D:/Unity-Related/Projects/New Unity Project
Using Asset Import Pipeline V2.
Refreshing native plugins compatible for Editor in 43.86 ms, found 2 plugins.
Preloading 0 native plugins for Editor in 0.00 ms.
Initialize engine version: 2020.3.19f1 (68f137dc9bbe)
[Subsystems] Discovering subsystems at path C:/Program Files/Unity/Hub/Editor/2020.3.19f1/Editor/Data/Resources/UnitySubsystems
[Subsystems] Discovering subsystems at path D:/Unity-Related/Projects/New Unity Project/Assets
GfxDevice: creating device client; threaded=0
Direct3D:
    Version:  Direct3D 11.0 [level 11.1]
    Renderer: NVIDIA GeForce GTX 1070 (ID=0x1be1)
    Vendor:   
    VRAM:     8081 MB
    Driver:   30.0.14.9729
Initialize mono
Mono path[0] = 'C:/Program Files/Unity/Hub/Editor/2020.3.19f1/Editor/Data/Managed'
Mono path[1] = 'C:/Program Files/Unity/Hub/Editor/2020.3.19f1/Editor/Data/MonoBleedingEdge/lib/mono/unityjit'
Mono config path = 'C:/Program Files/Unity/Hub/Editor/2020.3.19f1/Editor/Data/MonoBleedingEdge/etc'
Using monoOptions --debugger-agent=transport=dt_socket,embedding=1,server=y,suspend=n,address=127.0.0.1:56476
Begin MonoManager ReloadAssembly
Registering precompiled unity dll's ...
Register platform support module: C:/Program Files/Unity/Hub/Editor/2020.3.19f1/Editor/Data/PlaybackEngines/WebGLSupport/UnityEditor.WebGL.Extensions.dll
Register platform support module: C:/Program Files/Unity/Hub/Editor/2020.3.19f1/Editor/Data/PlaybackEngines/WindowsStandaloneSupport/UnityEditor.WindowsStandalone.Extensions.dll
Registered in 0.006150 seconds.
Native extension for WindowsStandalone target not found
Native extension for WebGL target not found
Refreshing native plugins compatible for Editor in 45.87 ms, found 2 plugins.
Preloading 0 native plugins for Editor in 0.00 ms.
Mono: successfully reloaded assembly
- Completed reload, in  3.238 seconds
Domain Reload Profiling:
	ReloadAssembly (3239ms)
		BeginReloadAssembly (86ms)
			ExecutionOrderSort (0ms)
			DisableScriptedObjects (0ms)
			BackupInstance (0ms)
			ReleaseScriptingObjects (0ms)
			CreateAndSetChildDomain (1ms)
		EndReloadAssembly (771ms)
			LoadAssemblies (83ms)
			RebuildTransferFunctionScriptingTraits (0ms)
			SetupTypeCache (318ms)
			ReleaseScriptCaches (0ms)
			RebuildScriptCaches (48ms)
			SetupLoadedEditorAssemblies (267ms)
				LogAssemblyErrors (0ms)
				InitializePlatformSupportModulesInManaged (7ms)
				SetLoadedEditorAssemblies (0ms)
				RefreshPlugins (46ms)
				BeforeProcessingInitializeOnLoad (26ms)
				ProcessInitializeOnLoadAttributes (136ms)
				ProcessInitializeOnLoadMethodAttributes (52ms)
				AfterProcessingInitializeOnLoad (0ms)
				EditorAssembliesLoaded (0ms)
			ExecutionOrderSort2 (0ms)
			AwakeInstancesAfterBackupRestoration (0ms)
Platform modules already initialized, skipping
Registering precompiled user dll's ...
Registered in 0.005617 seconds.
Begin MonoManager ReloadAssembly
Native extension for WindowsStandalone target not found
Native extension for WebGL target not found
Refreshing native plugins compatible for Editor in 0.32 ms, found 2 plugins.
Preloading 0 native plugins for Editor in 0.00 ms.
Mono: successfully reloaded assembly
- Completed reload, in  1.711 seconds
Domain Reload Profiling:
	ReloadAssembly (1712ms)
		BeginReloadAssembly (233ms)
			ExecutionOrderSort (0ms)
			DisableScriptedObjects (7ms)
			BackupInstance (0ms)
			ReleaseScriptingObjects (0ms)
			CreateAndSetChildDomain (33ms)
		EndReloadAssembly (1380ms)
			LoadAssemblies (135ms)
			RebuildTransferFunctionScriptingTraits (0ms)
			SetupTypeCache (478ms)
			ReleaseScriptCaches (0ms)
			RebuildScriptCaches (74ms)
			SetupLoadedEditorAssemblies (516ms)
				LogAssemblyErrors (0ms)
				InitializePlatformSupportModulesInManaged (9ms)
				SetLoadedEditorAssemblies (1ms)
				RefreshPlugins (0ms)
				BeforeProcessingInitializeOnLoad (137ms)
				ProcessInitializeOnLoadAttributes (351ms)
				ProcessInitializeOnLoadMethodAttributes (5ms)
				AfterProcessingInitializeOnLoad (12ms)
				EditorAssembliesLoaded (0ms)
			ExecutionOrderSort2 (0ms)
			AwakeInstancesAfterBackupRestoration (11ms)
Platform modules already initialized, skipping
========================================================================
Worker process is ready to serve import requests
Launched and connected shader compiler UnityShaderCompiler.exe after 0.18 seconds
Refreshing native plugins compatible for Editor in 0.42 ms, found 2 plugins.
Preloading 0 native plugins for Editor in 0.00 ms.
Unloading 1398 Unused Serialized files (Serialized files now loaded: 0)
System memory in use before: 65.0 MB.
System memory in use after: 65.1 MB.

Unloading 16 unused Assets to reduce memory usage. Loaded Objects now: 1833.
Total: 3.672200 ms (FindLiveObjects: 0.168900 ms CreateObjectMapping: 0.054300 ms MarkObjects: 3.354000 ms  DeleteObjects: 0.093300 ms)

AssetImportParameters requested are different than current active one (requested -> active):
  custom:framework-win-MediaFoundation: 216162199b28c13a410421893ffa2e32 -> 
  custom:video-decoder-ogg-theora: a1e56fd34408186e4bbccfd4996cb3dc -> 
  custom:container-muxer-webm: aa71ff27fc2769a1b78a27578f13a17b -> 
  custom:container-demuxer-webm: 4f35f7cbe854078d1ac9338744f61a02 -> 
  custom:container-demuxer-ogg: 62fdf1f143b41e24485cea50d1cbac27 -> 
  custom:video-encoder-webm-vp8: eb34c28f22e8b96e1ab97ce403110664 -> 
  custom:video-decoder-webm-vp8: 9c59270c3fd7afecdb556c50c9e8de78 -> 
  custom:audio-decoder-ogg-vorbis: bf7c407c2cedff20999df2af8eb42d56 -> 
  custom:audio-encoder-webm-vorbis: bf7c407c2cedff20999df2af8eb42d56 -> 
========================================================================
Received Import Request.
  path: Assets/Nuage 1.shader
  artifactKey: Guid(3a89912b4100cb641ac4be355eaa0763) Importer(815301076,1909f56bfc062723c751e8b465ee728b)
Start importing Assets/Nuage 1.shader using Guid(3a89912b4100cb641ac4be355eaa0763) Importer(815301076,1909f56bfc062723c751e8b465ee728b)  -> (artifact id: '963a6ef9f31c83c08d5b8a7de65c55f6') in 0.096344 seconds 
  Import took 0.099705 seconds .

========================================================================
Received Import Request.
  Time since last request: 53.051391 seconds.
  path: Assets/Nuage 1.shader
  artifactKey: Guid(3a89912b4100cb641ac4be355eaa0763) Importer(815301076,1909f56bfc062723c751e8b465ee728b)
Start importing Assets/Nuage 1.shader using Guid(3a89912b4100cb641ac4be355eaa0763) Importer(815301076,1909f56bfc062723c751e8b465ee728b)  -> (artifact id: 'ec076170d43ea7ec6d52abbb66c1dd88') in 0.010369 seconds 
  Import took 0.015014 seconds .

========================================================================
Received Import Request.
  Time since last request: 20.222091 seconds.
  path: Assets/Nuage 1.shader
  artifactKey: Guid(3a89912b4100cb641ac4be355eaa0763) Importer(815301076,1909f56bfc062723c751e8b465ee728b)
Start importing Assets/Nuage 1.shader using Guid(3a89912b4100cb641ac4be355eaa0763) Importer(815301076,1909f56bfc062723c751e8b465ee728b)  -> (artifact id: 'ec6460a3e2594d7f223a408fa4b4761d') in 0.005484 seconds 
  Import took 0.008699 seconds .

========================================================================
Received Import Request.
  Time since last request: 22.246080 seconds.
  path: Assets/Nuage 1.shader
  artifactKey: Guid(3a89912b4100cb641ac4be355eaa0763) Importer(815301076,1909f56bfc062723c751e8b465ee728b)
Start importing Assets/Nuage 1.shader using Guid(3a89912b4100cb641ac4be355eaa0763) Importer(815301076,1909f56bfc062723c751e8b465ee728b)  -> (artifact id: '306406b1ce4468f2beeb53d47b9dc117') in 0.008087 seconds 
  Import took 0.028695 seconds .

========================================================================
Received Import Request.
  Time since last request: 978.759518 seconds.
  path: Assets/Nuage 1.shader
  artifactKey: Guid(3a89912b4100cb641ac4be355eaa0763) Importer(815301076,1909f56bfc062723c751e8b465ee728b)
Start importing Assets/Nuage 1.shader using Guid(3a89912b4100cb641ac4be355eaa0763) Importer(815301076,1909f56bfc062723c751e8b465ee728b)  -> (artifact id: 'a2523bf5e1f364ef305e796f554fe854') in 0.003615 seconds 
  Import took 0.044018 seconds .

========================================================================
Received Import Request.
  Time since last request: 60.950822 seconds.
  path: Assets/Nuage 1.shader
  artifactKey: Guid(3a89912b4100cb641ac4be355eaa0763) Importer(815301076,1909f56bfc062723c751e8b465ee728b)
Start importing Assets/Nuage 1.shader using Guid(3a89912b4100cb641ac4be355eaa0763) Importer(815301076,1909f56bfc062723c751e8b465ee728b)  -> (artifact id: 'b7fc961a91d207ffe81bfef560ea7043') in 0.008198 seconds 
  Import took 0.011535 seconds .

========================================================================
Received Import Request.
  Time since last request: 2550.611025 seconds.
  path: Assets/Scenes
  artifactKey: Guid(4adb41711dc1c914c980fa13b5ecb4ca) Importer(815301076,1909f56bfc062723c751e8b465ee728b)
Start importing Assets/Scenes using Guid(4adb41711dc1c914c980fa13b5ecb4ca) Importer(815301076,1909f56bfc062723c751e8b465ee728b)  -> (artifact id: '3009df42a3b0cda3f507fde108025a94') in 0.014648 seconds 
  Import took 0.024287 seconds .

========================================================================
Received Import Request.
  Time since last request: 127.699181 seconds.
  path: Assets/Nuage 1.shader
  artifactKey: Guid(3a89912b4100cb641ac4be355eaa0763) Importer(815301076,1909f56bfc062723c751e8b465ee728b)
Start importing Assets/Nuage 1.shader using Guid(3a89912b4100cb641ac4be355eaa0763) Importer(815301076,1909f56bfc062723c751e8b465ee728b)  -> (artifact id: '8982b5810cb6a9dbffd005eaca13ae7f') in 0.007868 seconds 
  Import took 0.292509 seconds .

AssetImportWorkerClient::OnTransportError - code=2 error=End of file
